2018-01-06 11:11:24,744 [      0]   INFO -        #com.intellij.idea.Main - ------------------------------------------------------ IDE STARTED ------------------------------------------------------ 
2018-01-06 11:11:24,749 [      5]   INFO -        #com.intellij.idea.Main - IDE: IntelliJ IDEA (build #IU-173.4127.27, 25 Dec 2017 10:05) 
2018-01-06 11:11:24,749 [      5]   INFO -        #com.intellij.idea.Main - OS: Linux (4.13.0-21-generic, amd64) 
2018-01-06 11:11:24,749 [      5]   INFO -        #com.intellij.idea.Main - JRE: 1.8.0_152-release-1024-b8 (JetBrains s.r.o) 
2018-01-06 11:11:24,749 [      5]   INFO -        #com.intellij.idea.Main - JVM: 25.152-b8 (OpenJDK 64-Bit Server VM) 
2018-01-06 11:11:24,756 [     12]   INFO -        #com.intellij.idea.Main - JVM Args: -Xbootclasspath/a:/snap/intellij-idea-ultimate/15/lib/boot.jar -Xms128m -Xmx750m -XX:ReservedCodeCacheSize=240m -XX:+UseConcMarkSweepGC -XX:SoftRefLRUPolicyMSPerMB=50 -ea -Dsun.io.useCanonCaches=false -Djava.net.preferIPv4Stack=true -XX:+HeapDumpOnOutOfMemoryError -XX:-OmitStackTraceInFastThrow -Dawt.useSystemAAFontSettings=lcd -Dsun.java2d.renderer=sun.java2d.marlin.MarlinRenderingEngine -XX:ErrorFile=/home/devin/java_error_in_IDEA_%p.log -XX:HeapDumpPath=/home/devin/java_error_in_IDEA.hprof -Didea.paths.selector=IntelliJIdea2017.3 -Djb.vmOptionsFile=/snap/intellij-idea-ultimate/15/bin/idea64.vmoptions -Didea.jre.check=true 
2018-01-06 11:11:24,757 [     13]   INFO -        #com.intellij.idea.Main - ForkJoinPool.commonPool: java.util.concurrent.ForkJoinPool@7bd9b86[Running, parallelism = 7, size = 0, active = 0, running = 0, steals = 0, tasks = 0, submissions = 0] 
2018-01-06 11:11:24,757 [     13]   INFO -        #com.intellij.idea.Main - ext: /snap/intellij-idea-ultimate/15/jre64/lib/ext: [cldrdata.jar, dnsns.jar, jaccess.jar, jfxrt.jar, localedata.jar, meta-index, nashorn.jar, sunec.jar, sunjce_provider.jar, sunpkcs11.jar, zipfs.jar] 
2018-01-06 11:11:24,757 [     13]   INFO -        #com.intellij.idea.Main - JNU charset: UTF-8 
2018-01-06 11:11:24,777 [     33]   INFO -        #com.intellij.idea.Main - JNA library (64-bit) loaded in 19 ms 
2018-01-06 11:12:07,553 [  42809]   INFO - .intellij.idea.IdeaApplication - WM detected: GNOME Shell 
2018-01-06 11:12:07,553 [  42809]   INFO - llij.openapi.wm.impl.X11UiUtil - impersonated WM: MUTTER_WM 
2018-01-06 11:12:08,765 [  44021]   INFO - llij.ide.plugins.PluginManager - Plugin 'NodeJS' can't be loaded because: Plugin since-build or until-build don't match this product's build number 
2018-01-06 11:12:08,769 [  44025]   INFO - llij.ide.plugins.PluginManager - Plugin 'LiveEdit' can't be loaded because: Plugin since-build or until-build don't match this product's build number 
2018-01-06 11:12:08,898 [  44154]   INFO - llij.ide.plugins.PluginManager - 132 plugins initialized in 1273 ms 
2018-01-06 11:12:08,900 [  44156]   INFO - llij.ide.plugins.PluginManager - Loaded bundled plugins: ASP (0.1), Android Support (10.2.3), AngularJS (173.4127.27), Ant Support (1.0), Application Servers View (0.2.0), AspectJ Support (1.2), Bytecode Viewer (0.1), CFML Support (3.53), CSS Support (173.4127.27), CVS Integration (11), Cloud Foundry integration (1.0), CloudBees integration (1.0), CoffeeScript (2.0), Copyright (8.1), Coverage (173.4127.27), Cucumber for Groovy (999.999), Cucumber for Java (999.999), DSM Analysis (1.0.0), Database Tools and SQL (173.4127.27), Eclipse Integration (3.0), EditorConfig (173.4127.27), Emma (173.4127.27), Flash/Flex Support (173.4127.27), FreeMarker support (1.0), GWT Support (1.0), Geronimo Integration (1.0), Gherkin (999.999), Git Integration (8.1), GitHub (173.4127.27), GlassFish Integration (1.0), Google App Engine Integration (1.1.4), Gradle (173.4127.27), Grails (9.0), Groovy (9.0), Guice (8.0), HTML Tools (2.0), Haml (173.4127.27), Heroku integration (173.4127.27), Hibernate Support (1.0), I18n for Java (173.4127.27), IDE Settings Sync (173.4127.27), IDEA CORE (173.4127.27), IntelliLang (8.0), J2ME (1.0), JBoss Arquillian Support (1.0), JBoss Drools Support (1.0), JBoss Frameworks Base Support (1.0), JBoss Integration (1.0), JBoss Seam Pageflow Support (1.0), JBoss Seam Pages Support (1.0), JBoss Seam Support (1.0), JBoss jBPM (2.0.0), JSR45 Integration (1.0), JUnit (1.0), Java Bytecode Decompiler (173.4127.27), Java EE: Batch Applications (1.0), Java EE: Bean Validation Support (1.1), Java EE: Contexts and Dependency Injection (1.1), Java EE: EJB, JPA, Servlets (1.0), Java EE: JMS, JSON Processing, Concurrency, Transaction  (1.0), Java EE: Java Server Faces (2.2.X.), Java EE: RESTful Web Services (JAX-RS) (1.0), Java EE: Web Services (JAX-WS) (1.9), Java EE: WebSockets (1.0), Java Server Pages (JSP) Integration (1.0), Java Stream Debugger (173.4127.27), JavaFX (1.0), JavaScript Debugger (1.0), JavaScript Intention Power Pack (0.9.4), JavaScript Support (1.0), Jetty Integration (1.0), Kotlin (1.2.10-release-IJ2017.3-1), Less support (173.4127.27), Markdown support (173.4127.27), Maven Integration (173.4127.27), Maven Integration Extension (173.4127.27), Mercurial Integration (10.0), OpenShift integration (1.0), Osmorc (1.4.10), Perforce Integration (2.0), Persistence Frameworks Support (1.0), Playframework Support (1.0), Plugin DevKit (1.0), Properties Support (173.4127.27), QuirksMode (173.4127.27), REST Client (173.4127.27), Refactor-X (2.01), Remote Hosts Access (0.1), Resin Integration (8.1), SSH Remote Run (0.1), Sass support (173.4127.27), Settings Repository (173.4127.27), Spring AOP/@AspectJ (1.0), Spring Batch (1.0), Spring Boot (1.0), Spring Data (1.0), Spring Integration Patterns (1.0), Spring MVC (1.0), Spring OSGi (1.0), Spring Security (1.0), Spring Support (1.0), Spring Web Flow (1.0), Spring Web Services (1.0), Spring WebSocket (1.0), Spy-js (173.4127.27), Struts 1.x (2.0), Struts 2 (1.0), Stylus support (999.999), Subversion Integration (1.1), TFS Integration (999.999), Tapestry support (1.0), Task Management (1.0), Terminal (0.1), TestNG-J (8.0), Thymeleaf (1.0), Time Tracking (1.0), Tomcat and TomEE Integration (1.0), UI Designer (173.4127.27), UML Support (1.0), Vaadin Support (1.0), Velocity support (1.0), W3C Validators (2.0), WebLogic Integration (1.0), WebSphere Integration (1.0), XPathView + XSLT Support (4), XSLT-Debugger (1.4), YAML (173.4127.27), ZKM-Unscramble (1.0), dmServer Support (0.9.5), tslint (173.4127.27) 
2018-01-06 11:12:08,900 [  44156]   INFO - llij.ide.plugins.PluginManager - Disabled plugins: LiveEdit (172.3757.55), NodeJS (172.3757.32) 
2018-01-06 11:12:11,186 [  46442]   INFO - cloudConfig.CloudConfigManager - === Start.updateInitStatus === 
2018-01-06 11:12:11,187 [  46443]   INFO - cloudConfig.CloudConfigManager - === Start: JBA_NOT_CONNECTED === 
2018-01-06 11:12:11,187 [  46443]   INFO - cloudConfig.CloudConfigManager - === calculateInitStatus === 
2018-01-06 11:12:11,201 [  46457]   INFO - til.net.ssl.CertificateManager - Default SSL context initialized 
2018-01-06 11:12:11,272 [  46528]   INFO - ellij.vfs.persistent.FSRecords - Marking VFS as corrupted: '/home/devin/.IntelliJIdea2017.3/system/caches/names.dat' does not exist 
2018-01-06 11:12:11,273 [  46529]   INFO - ellij.util.io.PagedFileStorage - lower=100; upper=500; buffer=10; max=705 
2018-01-06 11:12:11,304 [  46560]   INFO - pl.local.NativeFileWatcherImpl - Starting file watcher: /snap/intellij-idea-ultimate/15/bin/fsnotifier64 
2018-01-06 11:12:11,312 [  46568]   INFO - pl.local.NativeFileWatcherImpl - Native file watcher is operational. 
2018-01-06 11:12:11,543 [  46799]   INFO - .cloudConfig.CloudConfigClient - === Get cloud config URL: https://cloudconfig.jetbrains.com/cloudconfig/files === 
2018-01-06 11:12:12,101 [  47357]   INFO - cloudConfig.CloudConfigManager - === calculateInitStatus.value: JBA_NOT_CONNECTED === 
2018-01-06 11:12:12,681 [  47937]   INFO - .history.utils.LocalHistoryLog - local history version mismatch (was: 0, expected: 6), rebuilding... 
2018-01-06 11:12:12,681 [  47937]   INFO - .history.utils.LocalHistoryLog - FS has been rebuild, rebuilding local history... 
2018-01-06 11:12:12,844 [  48100]   INFO - .openapi.application.Preloader - Finished preloading com.intellij.ide.ui.OptionsTopHitProvider$Activity@5c303af2 
2018-01-06 11:12:12,890 [  48146]   INFO - rains.ide.BuiltInServerManager - built-in server started, port 63342 
2018-01-06 11:12:12,903 [  48159]   INFO - gs.impl.UpdateCheckerComponent - channel: release 
2018-01-06 11:12:13,362 [  48618]   INFO - il.indexing.FileBasedIndexImpl - Index exts enumerated:438 
2018-01-06 11:12:13,369 [  48625]   INFO - il.indexing.FileBasedIndexImpl - Index scheduled:7 
2018-01-06 11:12:13,451 [  48707]   INFO - tellij.psi.stubs.StubIndexImpl - All stub exts enumerated:75 
2018-01-06 11:12:13,451 [  48707]   INFO - tellij.psi.stubs.StubIndexImpl - stub exts update scheduled:0 
2018-01-06 11:12:14,429 [  49685]   INFO - ij.psi.stubs.StubUpdatingIndex - Following new file types will be indexed:CFML,Literate CoffeeScript,Markdown,Properties,HTML,Sass,ActionScript,TypeScript JSX,ECMAScript 6,Less,Stylus,TypeScript,FTL,CoffeeScript,SCSS,JSP,CLASS,CSS,Kotlin,SQL,SWF,XML,Groovy,JSX Harmony,KJSM,Flow,kotlin_builtins,JAVA,JavaScript,AspectJ,spring.factories 
2018-01-06 11:12:14,586 [  49842]   INFO - il.indexing.FileBasedIndexImpl - Rebuild requested for index org.jetbrains.kotlin.idea.versions.KotlinJvmMetadataVersionIndex 
java.lang.Throwable
	at com.intellij.util.indexing.FileBasedIndex.requestRebuild(FileBasedIndex.java:68)
	at org.jetbrains.kotlin.idea.versions.KotlinUpdatePluginComponent.initComponent(KotlinUpdatePluginComponent.kt:54)
	at com.intellij.openapi.components.impl.ComponentManagerImpl$ComponentConfigComponentAdapter.getComponentInstance(ComponentManagerImpl.java:497)
	at com.intellij.openapi.components.impl.ComponentManagerImpl.createComponents(ComponentManagerImpl.java:119)
	at com.intellij.openapi.application.impl.ApplicationImpl.a(ApplicationImpl.java:447)
	at com.intellij.openapi.progress.impl.CoreProgressManager.a(CoreProgressManager.java:157)
	at com.intellij.openapi.progress.impl.CoreProgressManager.a(CoreProgressManager.java:543)
	at com.intellij.openapi.progress.impl.CoreProgressManager.executeProcessUnderProgress(CoreProgressManager.java:488)
	at com.intellij.openapi.progress.impl.ProgressManagerImpl.executeProcessUnderProgress(ProgressManagerImpl.java:94)
	at com.intellij.openapi.progress.impl.CoreProgressManager.runProcess(CoreProgressManager.java:144)
	at com.intellij.openapi.application.impl.ApplicationImpl.createComponents(ApplicationImpl.java:454)
	at com.intellij.openapi.components.impl.ComponentManagerImpl.init(ComponentManagerImpl.java:103)
	at com.intellij.openapi.application.impl.ApplicationImpl.load(ApplicationImpl.java:406)
	at com.intellij.openapi.application.impl.ApplicationImpl.load(ApplicationImpl.java:392)
	at com.intellij.idea.IdeaApplication.run(IdeaApplication.java:203)
	at sun.reflect.NativeMethodAccessorImpl.invoke0(Native Method)
	at sun.reflect.NativeMethodAccessorImpl.invoke(NativeMethodAccessorImpl.java:62)
	at sun.reflect.DelegatingMethodAccessorImpl.invoke(DelegatingMethodAccessorImpl.java:43)
	at java.lang.reflect.Method.invoke(Method.java:498)
	at com.intellij.idea.MainImpl$1$1.a(MainImpl.java:65)
	at java.awt.event.InvocationEvent.dispatch(InvocationEvent.java:311)
	at java.awt.EventQueue.dispatchEventImpl(EventQueue.java:762)
	at java.awt.EventQueue.access$500(EventQueue.java:98)
	at java.awt.EventQueue$3.run(EventQueue.java:715)
	at java.awt.EventQueue$3.run(EventQueue.java:709)
	at java.security.AccessController.doPrivileged(Native Method)
	at java.security.ProtectionDomain$JavaSecurityAccessImpl.doIntersectionPrivilege(ProtectionDomain.java:80)
	at java.awt.EventQueue.dispatchEvent(EventQueue.java:732)
	at com.intellij.ide.IdeEventQueue.dispatchEvent(IdeEventQueue.java:346)
	at java.awt.EventDispatchThread.pumpOneEventForFilters(EventDispatchThread.java:201)
	at java.awt.EventDispatchThread.pumpEventsForFilter(EventDispatchThread.java:116)
	at java.awt.EventDispatchThread.pumpEventsForHierarchy(EventDispatchThread.java:105)
	at java.awt.EventDispatchThread.pumpEvents(EventDispatchThread.java:101)
	at java.awt.EventDispatchThread.pumpEvents(EventDispatchThread.java:93)
	at java.awt.EventDispatchThread.run(EventDispatchThread.java:82)
2018-01-06 11:12:14,589 [  49845]   INFO - il.indexing.FileBasedIndexImpl - Rebuild requested for index org.jetbrains.kotlin.idea.versions.KotlinJsMetadataVersionIndex 
java.lang.Throwable
	at com.intellij.util.indexing.FileBasedIndex.requestRebuild(FileBasedIndex.java:68)
	at org.jetbrains.kotlin.idea.versions.KotlinUpdatePluginComponent.initComponent(KotlinUpdatePluginComponent.kt:55)
	at com.intellij.openapi.components.impl.ComponentManagerImpl$ComponentConfigComponentAdapter.getComponentInstance(ComponentManagerImpl.java:497)
	at com.intellij.openapi.components.impl.ComponentManagerImpl.createComponents(ComponentManagerImpl.java:119)
	at com.intellij.openapi.application.impl.ApplicationImpl.a(ApplicationImpl.java:447)
	at com.intellij.openapi.progress.impl.CoreProgressManager.a(CoreProgressManager.java:157)
	at com.intellij.openapi.progress.impl.CoreProgressManager.a(CoreProgressManager.java:543)
	at com.intellij.openapi.progress.impl.CoreProgressManager.executeProcessUnderProgress(CoreProgressManager.java:488)
	at com.intellij.openapi.progress.impl.ProgressManagerImpl.executeProcessUnderProgress(ProgressManagerImpl.java:94)
	at com.intellij.openapi.progress.impl.CoreProgressManager.runProcess(CoreProgressManager.java:144)
	at com.intellij.openapi.application.impl.ApplicationImpl.createComponents(ApplicationImpl.java:454)
	at com.intellij.openapi.components.impl.ComponentManagerImpl.init(ComponentManagerImpl.java:103)
	at com.intellij.openapi.application.impl.ApplicationImpl.load(ApplicationImpl.java:406)
	at com.intellij.openapi.application.impl.ApplicationImpl.load(ApplicationImpl.java:392)
	at com.intellij.idea.IdeaApplication.run(IdeaApplication.java:203)
	at sun.reflect.NativeMethodAccessorImpl.invoke0(Native Method)
	at sun.reflect.NativeMethodAccessorImpl.invoke(NativeMethodAccessorImpl.java:62)
	at sun.reflect.DelegatingMethodAccessorImpl.invoke(DelegatingMethodAccessorImpl.java:43)
	at java.lang.reflect.Method.invoke(Method.java:498)
	at com.intellij.idea.MainImpl$1$1.a(MainImpl.java:65)
	at java.awt.event.InvocationEvent.dispatch(InvocationEvent.java:311)
	at java.awt.EventQueue.dispatchEventImpl(EventQueue.java:762)
	at java.awt.EventQueue.access$500(EventQueue.java:98)
	at java.awt.EventQueue$3.run(EventQueue.java:715)
	at java.awt.EventQueue$3.run(EventQueue.java:709)
	at java.security.AccessController.doPrivileged(Native Method)
	at java.security.ProtectionDomain$JavaSecurityAccessImpl.doIntersectionPrivilege(ProtectionDomain.java:80)
	at java.awt.EventQueue.dispatchEvent(EventQueue.java:732)
	at com.intellij.ide.IdeEventQueue.dispatchEvent(IdeEventQueue.java:346)
	at java.awt.EventDispatchThread.pumpOneEventForFilters(EventDispatchThread.java:201)
	at java.awt.EventDispatchThread.pumpEventsForFilter(EventDispatchThread.java:116)
	at java.awt.EventDispatchThread.pumpEventsForHierarchy(EventDispatchThread.java:105)
	at java.awt.EventDispatchThread.pumpEvents(EventDispatchThread.java:101)
	at java.awt.EventDispatchThread.pumpEvents(EventDispatchThread.java:93)
	at java.awt.EventDispatchThread.run(EventDispatchThread.java:82)
2018-01-06 11:12:14,589 [  49845]   INFO - il.indexing.FileBasedIndexImpl - Rebuild requested for index org.jetbrains.kotlin.idea.vfilefinder.KotlinClassFileIndex 
java.lang.Throwable
	at com.intellij.util.indexing.FileBasedIndex.requestRebuild(FileBasedIndex.java:68)
	at org.jetbrains.kotlin.idea.versions.KotlinUpdatePluginComponent.initComponent(KotlinUpdatePluginComponent.kt:56)
	at com.intellij.openapi.components.impl.ComponentManagerImpl$ComponentConfigComponentAdapter.getComponentInstance(ComponentManagerImpl.java:497)
	at com.intellij.openapi.components.impl.ComponentManagerImpl.createComponents(ComponentManagerImpl.java:119)
	at com.intellij.openapi.application.impl.ApplicationImpl.a(ApplicationImpl.java:447)
	at com.intellij.openapi.progress.impl.CoreProgressManager.a(CoreProgressManager.java:157)
	at com.intellij.openapi.progress.impl.CoreProgressManager.a(CoreProgressManager.java:543)
	at com.intellij.openapi.progress.impl.CoreProgressManager.executeProcessUnderProgress(CoreProgressManager.java:488)
	at com.intellij.openapi.progress.impl.ProgressManagerImpl.executeProcessUnderProgress(ProgressManagerImpl.java:94)
	at com.intellij.openapi.progress.impl.CoreProgressManager.runProcess(CoreProgressManager.java:144)
	at com.intellij.openapi.application.impl.ApplicationImpl.createComponents(ApplicationImpl.java:454)
	at com.intellij.openapi.components.impl.ComponentManagerImpl.init(ComponentManagerImpl.java:103)
	at com.intellij.openapi.application.impl.ApplicationImpl.load(ApplicationImpl.java:406)
	at com.intellij.openapi.application.impl.ApplicationImpl.load(ApplicationImpl.java:392)
	at com.intellij.idea.IdeaApplication.run(IdeaApplication.java:203)
	at sun.reflect.NativeMethodAccessorImpl.invoke0(Native Method)
	at sun.reflect.NativeMethodAccessorImpl.invoke(NativeMethodAccessorImpl.java:62)
	at sun.reflect.DelegatingMethodAccessorImpl.invoke(DelegatingMethodAccessorImpl.java:43)
	at java.lang.reflect.Method.invoke(Method.java:498)
	at com.intellij.idea.MainImpl$1$1.a(MainImpl.java:65)
	at java.awt.event.InvocationEvent.dispatch(InvocationEvent.java:311)
	at java.awt.EventQueue.dispatchEventImpl(EventQueue.java:762)
	at java.awt.EventQueue.access$500(EventQueue.java:98)
	at java.awt.EventQueue$3.run(EventQueue.java:715)
	at java.awt.EventQueue$3.run(EventQueue.java:709)
	at java.security.AccessController.doPrivileged(Native Method)
	at java.security.ProtectionDomain$JavaSecurityAccessImpl.doIntersectionPrivilege(ProtectionDomain.java:80)
	at java.awt.EventQueue.dispatchEvent(EventQueue.java:732)
	at com.intellij.ide.IdeEventQueue.dispatchEvent(IdeEventQueue.java:346)
	at java.awt.EventDispatchThread.pumpOneEventForFilters(EventDispatchThread.java:201)
	at java.awt.EventDispatchThread.pumpEventsForFilter(EventDispatchThread.java:116)
	at java.awt.EventDispatchThread.pumpEventsForHierarchy(EventDispatchThread.java:105)
	at java.awt.EventDispatchThread.pumpEvents(EventDispatchThread.java:101)
	at java.awt.EventDispatchThread.pumpEvents(EventDispatchThread.java:93)
	at java.awt.EventDispatchThread.run(EventDispatchThread.java:82)
2018-01-06 11:12:14,590 [  49846]   INFO - il.indexing.FileBasedIndexImpl - Rebuild requested for index org.jetbrains.kotlin.idea.vfilefinder.KotlinJavaScriptMetaFileIndex 
java.lang.Throwable
	at com.intellij.util.indexing.FileBasedIndex.requestRebuild(FileBasedIndex.java:68)
	at org.jetbrains.kotlin.idea.versions.KotlinUpdatePluginComponent.initComponent(KotlinUpdatePluginComponent.kt:57)
	at com.intellij.openapi.components.impl.ComponentManagerImpl$ComponentConfigComponentAdapter.getComponentInstance(ComponentManagerImpl.java:497)
	at com.intellij.openapi.components.impl.ComponentManagerImpl.createComponents(ComponentManagerImpl.java:119)
	at com.intellij.openapi.application.impl.ApplicationImpl.a(ApplicationImpl.java:447)
	at com.intellij.openapi.progress.impl.CoreProgressManager.a(CoreProgressManager.java:157)
	at com.intellij.openapi.progress.impl.CoreProgressManager.a(CoreProgressManager.java:543)
	at com.intellij.openapi.progress.impl.CoreProgressManager.executeProcessUnderProgress(CoreProgressManager.java:488)
	at com.intellij.openapi.progress.impl.ProgressManagerImpl.executeProcessUnderProgress(ProgressManagerImpl.java:94)
	at com.intellij.openapi.progress.impl.CoreProgressManager.runProcess(CoreProgressManager.java:144)
	at com.intellij.openapi.application.impl.ApplicationImpl.createComponents(ApplicationImpl.java:454)
	at com.intellij.openapi.components.impl.ComponentManagerImpl.init(ComponentManagerImpl.java:103)
	at com.intellij.openapi.application.impl.ApplicationImpl.load(ApplicationImpl.java:406)
	at com.intellij.openapi.application.impl.ApplicationImpl.load(ApplicationImpl.java:392)
	at com.intellij.idea.IdeaApplication.run(IdeaApplication.java:203)
	at sun.reflect.NativeMethodAccessorImpl.invoke0(Native Method)
	at sun.reflect.NativeMethodAccessorImpl.invoke(NativeMethodAccessorImpl.java:62)
	at sun.reflect.DelegatingMethodAccessorImpl.invoke(DelegatingMethodAccessorImpl.java:43)
	at java.lang.reflect.Method.invoke(Method.java:498)
	at com.intellij.idea.MainImpl$1$1.a(MainImpl.java:65)
	at java.awt.event.InvocationEvent.dispatch(InvocationEvent.java:311)
	at java.awt.EventQueue.dispatchEventImpl(EventQueue.java:762)
	at java.awt.EventQueue.access$500(EventQueue.java:98)
	at java.awt.EventQueue$3.run(EventQueue.java:715)
	at java.awt.EventQueue$3.run(EventQueue.java:709)
	at java.security.AccessController.doPrivileged(Native Method)
	at java.security.ProtectionDomain$JavaSecurityAccessImpl.doIntersectionPrivilege(ProtectionDomain.java:80)
	at java.awt.EventQueue.dispatchEvent(EventQueue.java:732)
	at com.intellij.ide.IdeEventQueue.dispatchEvent(IdeEventQueue.java:346)
	at java.awt.EventDispatchThread.pumpOneEventForFilters(EventDispatchThread.java:201)
	at java.awt.EventDispatchThread.pumpEventsForFilter(EventDispatchThread.java:116)
	at java.awt.EventDispatchThread.pumpEventsForHierarchy(EventDispatchThread.java:105)
	at java.awt.EventDispatchThread.pumpEvents(EventDispatchThread.java:101)
	at java.awt.EventDispatchThread.pumpEvents(EventDispatchThread.java:93)
	at java.awt.EventDispatchThread.run(EventDispatchThread.java:82)
2018-01-06 11:12:14,591 [  49847]   INFO - il.indexing.FileBasedIndexImpl - Rebuild requested for index org.jetbrains.kotlin.idea.vfilefinder.KotlinMetadataFileIndex 
java.lang.Throwable
	at com.intellij.util.indexing.FileBasedIndex.requestRebuild(FileBasedIndex.java:68)
	at org.jetbrains.kotlin.idea.versions.KotlinUpdatePluginComponent.initComponent(KotlinUpdatePluginComponent.kt:58)
	at com.intellij.openapi.components.impl.ComponentManagerImpl$ComponentConfigComponentAdapter.getComponentInstance(ComponentManagerImpl.java:497)
	at com.intellij.openapi.components.impl.ComponentManagerImpl.createComponents(ComponentManagerImpl.java:119)
	at com.intellij.openapi.application.impl.ApplicationImpl.a(ApplicationImpl.java:447)
	at com.intellij.openapi.progress.impl.CoreProgressManager.a(CoreProgressManager.java:157)
	at com.intellij.openapi.progress.impl.CoreProgressManager.a(CoreProgressManager.java:543)
	at com.intellij.openapi.progress.impl.CoreProgressManager.executeProcessUnderProgress(CoreProgressManager.java:488)
	at com.intellij.openapi.progress.impl.ProgressManagerImpl.executeProcessUnderProgress(ProgressManagerImpl.java:94)
	at com.intellij.openapi.progress.impl.CoreProgressManager.runProcess(CoreProgressManager.java:144)
	at com.intellij.openapi.application.impl.ApplicationImpl.createComponents(ApplicationImpl.java:454)
	at com.intellij.openapi.components.impl.ComponentManagerImpl.init(ComponentManagerImpl.java:103)
	at com.intellij.openapi.application.impl.ApplicationImpl.load(ApplicationImpl.java:406)
	at com.intellij.openapi.application.impl.ApplicationImpl.load(ApplicationImpl.java:392)
	at com.intellij.idea.IdeaApplication.run(IdeaApplication.java:203)
	at sun.reflect.NativeMethodAccessorImpl.invoke0(Native Method)
	at sun.reflect.NativeMethodAccessorImpl.invoke(NativeMethodAccessorImpl.java:62)
	at sun.reflect.DelegatingMethodAccessorImpl.invoke(DelegatingMethodAccessorImpl.java:43)
	at java.lang.reflect.Method.invoke(Method.java:498)
	at com.intellij.idea.MainImpl$1$1.a(MainImpl.java:65)
	at java.awt.event.InvocationEvent.dispatch(InvocationEvent.java:311)
	at java.awt.EventQueue.dispatchEventImpl(EventQueue.java:762)
	at java.awt.EventQueue.access$500(EventQueue.java:98)
	at java.awt.EventQueue$3.run(EventQueue.java:715)
	at java.awt.EventQueue$3.run(EventQueue.java:709)
	at java.security.AccessController.doPrivileged(Native Method)
	at java.security.ProtectionDomain$JavaSecurityAccessImpl.doIntersectionPrivilege(ProtectionDomain.java:80)
	at java.awt.EventQueue.dispatchEvent(EventQueue.java:732)
	at com.intellij.ide.IdeEventQueue.dispatchEvent(IdeEventQueue.java:346)
	at java.awt.EventDispatchThread.pumpOneEventForFilters(EventDispatchThread.java:201)
	at java.awt.EventDispatchThread.pumpEventsForFilter(EventDispatchThread.java:116)
	at java.awt.EventDispatchThread.pumpEventsForHierarchy(EventDispatchThread.java:105)
	at java.awt.EventDispatchThread.pumpEvents(EventDispatchThread.java:101)
	at java.awt.EventDispatchThread.pumpEvents(EventDispatchThread.java:93)
	at java.awt.EventDispatchThread.run(EventDispatchThread.java:82)
2018-01-06 11:12:14,592 [  49848]   INFO - il.indexing.FileBasedIndexImpl - Rebuild requested for index org.jetbrains.kotlin.idea.vfilefinder.KotlinMetadataFilePackageIndex 
java.lang.Throwable
	at com.intellij.util.indexing.FileBasedIndex.requestRebuild(FileBasedIndex.java:68)
	at org.jetbrains.kotlin.idea.versions.KotlinUpdatePluginComponent.initComponent(KotlinUpdatePluginComponent.kt:59)
	at com.intellij.openapi.components.impl.ComponentManagerImpl$ComponentConfigComponentAdapter.getComponentInstance(ComponentManagerImpl.java:497)
	at com.intellij.openapi.components.impl.ComponentManagerImpl.createComponents(ComponentManagerImpl.java:119)
	at com.intellij.openapi.application.impl.ApplicationImpl.a(ApplicationImpl.java:447)
	at com.intellij.openapi.progress.impl.CoreProgressManager.a(CoreProgressManager.java:157)
	at com.intellij.openapi.progress.impl.CoreProgressManager.a(CoreProgressManager.java:543)
	at com.intellij.openapi.progress.impl.CoreProgressManager.executeProcessUnderProgress(CoreProgressManager.java:488)
	at com.intellij.openapi.progress.impl.ProgressManagerImpl.executeProcessUnderProgress(ProgressManagerImpl.java:94)
	at com.intellij.openapi.progress.impl.CoreProgressManager.runProcess(CoreProgressManager.java:144)
	at com.intellij.openapi.application.impl.ApplicationImpl.createComponents(ApplicationImpl.java:454)
	at com.intellij.openapi.components.impl.ComponentManagerImpl.init(ComponentManagerImpl.java:103)
	at com.intellij.openapi.application.impl.ApplicationImpl.load(ApplicationImpl.java:406)
	at com.intellij.openapi.application.impl.ApplicationImpl.load(ApplicationImpl.java:392)
	at com.intellij.idea.IdeaApplication.run(IdeaApplication.java:203)
	at sun.reflect.NativeMethodAccessorImpl.invoke0(Native Method)
	at sun.reflect.NativeMethodAccessorImpl.invoke(NativeMethodAccessorImpl.java:62)
	at sun.reflect.DelegatingMethodAccessorImpl.invoke(DelegatingMethodAccessorImpl.java:43)
	at java.lang.reflect.Method.invoke(Method.java:498)
	at com.intellij.idea.MainImpl$1$1.a(MainImpl.java:65)
	at java.awt.event.InvocationEvent.dispatch(InvocationEvent.java:311)
	at java.awt.EventQueue.dispatchEventImpl(EventQueue.java:762)
	at java.awt.EventQueue.access$500(EventQueue.java:98)
	at java.awt.EventQueue$3.run(EventQueue.java:715)
	at java.awt.EventQueue$3.run(EventQueue.java:709)
	at java.security.AccessController.doPrivileged(Native Method)
	at java.security.ProtectionDomain$JavaSecurityAccessImpl.doIntersectionPrivilege(ProtectionDomain.java:80)
	at java.awt.EventQueue.dispatchEvent(EventQueue.java:732)
	at com.intellij.ide.IdeEventQueue.dispatchEvent(IdeEventQueue.java:346)
	at java.awt.EventDispatchThread.pumpOneEventForFilters(EventDispatchThread.java:201)
	at java.awt.EventDispatchThread.pumpEventsForFilter(EventDispatchThread.java:116)
	at java.awt.EventDispatchThread.pumpEventsForHierarchy(EventDispatchThread.java:105)
	at java.awt.EventDispatchThread.pumpEvents(EventDispatchThread.java:101)
	at java.awt.EventDispatchThread.pumpEvents(EventDispatchThread.java:93)
	at java.awt.EventDispatchThread.run(EventDispatchThread.java:82)
2018-01-06 11:12:14,593 [  49849]   INFO - il.indexing.FileBasedIndexImpl - Rebuild requested for index org.jetbrains.kotlin.idea.vfilefinder.KotlinModuleMappingIndex 
java.lang.Throwable
	at com.intellij.util.indexing.FileBasedIndex.requestRebuild(FileBasedIndex.java:68)
	at org.jetbrains.kotlin.idea.versions.KotlinUpdatePluginComponent.initComponent(KotlinUpdatePluginComponent.kt:60)
	at com.intellij.openapi.components.impl.ComponentManagerImpl$ComponentConfigComponentAdapter.getComponentInstance(ComponentManagerImpl.java:497)
	at com.intellij.openapi.components.impl.ComponentManagerImpl.createComponents(ComponentManagerImpl.java:119)
	at com.intellij.openapi.application.impl.ApplicationImpl.a(ApplicationImpl.java:447)
	at com.intellij.openapi.progress.impl.CoreProgressManager.a(CoreProgressManager.java:157)
	at com.intellij.openapi.progress.impl.CoreProgressManager.a(CoreProgressManager.java:543)
	at com.intellij.openapi.progress.impl.CoreProgressManager.executeProcessUnderProgress(CoreProgressManager.java:488)
	at com.intellij.openapi.progress.impl.ProgressManagerImpl.executeProcessUnderProgress(ProgressManagerImpl.java:94)
	at com.intellij.openapi.progress.impl.CoreProgressManager.runProcess(CoreProgressManager.java:144)
	at com.intellij.openapi.application.impl.ApplicationImpl.createComponents(ApplicationImpl.java:454)
	at com.intellij.openapi.components.impl.ComponentManagerImpl.init(ComponentManagerImpl.java:103)
	at com.intellij.openapi.application.impl.ApplicationImpl.load(ApplicationImpl.java:406)
	at com.intellij.openapi.application.impl.ApplicationImpl.load(ApplicationImpl.java:392)
	at com.intellij.idea.IdeaApplication.run(IdeaApplication.java:203)
	at sun.reflect.NativeMethodAccessorImpl.invoke0(Native Method)
	at sun.reflect.NativeMethodAccessorImpl.invoke(NativeMethodAccessorImpl.java:62)
	at sun.reflect.DelegatingMethodAccessorImpl.invoke(DelegatingMethodAccessorImpl.java:43)
	at java.lang.reflect.Method.invoke(Method.java:498)
	at com.intellij.idea.MainImpl$1$1.a(MainImpl.java:65)
	at java.awt.event.InvocationEvent.dispatch(InvocationEvent.java:311)
	at java.awt.EventQueue.dispatchEventImpl(EventQueue.java:762)
	at java.awt.EventQueue.access$500(EventQueue.java:98)
	at java.awt.EventQueue$3.run(EventQueue.java:715)
	at java.awt.EventQueue$3.run(EventQueue.java:709)
	at java.security.AccessController.doPrivileged(Native Method)
	at java.security.ProtectionDomain$JavaSecurityAccessImpl.doIntersectionPrivilege(ProtectionDomain.java:80)
	at java.awt.EventQueue.dispatchEvent(EventQueue.java:732)
	at com.intellij.ide.IdeEventQueue.dispatchEvent(IdeEventQueue.java:346)
	at java.awt.EventDispatchThread.pumpOneEventForFilters(EventDispatchThread.java:201)
	at java.awt.EventDispatchThread.pumpEventsForFilter(EventDispatchThread.java:116)
	at java.awt.EventDispatchThread.pumpEventsForHierarchy(EventDispatchThread.java:105)
	at java.awt.EventDispatchThread.pumpEvents(EventDispatchThread.java:101)
	at java.awt.EventDispatchThread.pumpEvents(EventDispatchThread.java:93)
	at java.awt.EventDispatchThread.run(EventDispatchThread.java:82)
2018-01-06 11:12:14,595 [  49851]   INFO - plication.impl.ApplicationImpl - 98 application components initialized in 6972ms 
2018-01-06 11:12:14,614 [  49870]   INFO - .intellij.idea.IdeaApplication - App initialization took 71737 ms 
2018-01-06 11:12:15,119 [  50375]   INFO - cloudConfig.CloudConfigManager - === End.updateInitStatus === 
2018-01-06 11:12:15,310 [  50566]   INFO - pl$FileIndexDataInitialization - Initialization done:1941 
2018-01-06 11:12:15,395 [  50651]   INFO - tellij.psi.stubs.StubIndexImpl - Dropping indices:angularjs.decorators.index 
2018-01-06 11:12:15,397 [  50653]   INFO - exImpl$StubIndexInitialization - Initialization done:86 
2018-01-06 11:12:15,821 [  51077]   INFO - j.ide.ui.OptionsTopHitProvider - 684 ms spent to cache options in application 
2018-01-06 11:12:15,846 [  51102]   INFO - il.indexing.FileBasedIndexImpl - Rebuild requested for index Stubs 
java.lang.Throwable:  and some indices were dropped
	at com.intellij.psi.stubs.StubIndexImpl$StubIndexInitialization.finish(StubIndexImpl.java:659)
	at com.intellij.psi.stubs.StubIndexImpl$StubIndexInitialization.finish(StubIndexImpl.java:624)
	at com.intellij.util.indexing.IndexInfrastructure$DataInitialization.call(IndexInfrastructure.java:166)
	at java.util.concurrent.FutureTask.run(FutureTask.java:266)
	at com.intellij.util.concurrency.BoundedTaskExecutor$2.run(BoundedTaskExecutor.java:212)
	at java.util.concurrent.ThreadPoolExecutor.runWorker(ThreadPoolExecutor.java:1142)
	at java.util.concurrent.ThreadPoolExecutor$Worker.run(ThreadPoolExecutor.java:617)
	at java.lang.Thread.run(Thread.java:745)
2018-01-06 11:12:15,856 [  51112]   INFO - il.indexing.FileBasedIndexImpl - scheduleIndexRebuild, reason: checkRebuild 
2018-01-06 11:12:16,010 [  51266]   INFO - dea.updater.SdkComponentSource - Downloading https://dl.google.com/android/repository/repository2-1.xml 
2018-01-06 11:12:16,529 [  51785]   WARN - dea.updater.SdkComponentSource - File /home/devin/.android/repositories.cfg could not be loaded. 
2018-01-06 11:12:16,530 [  51786]   INFO - dea.updater.SdkComponentSource - Downloading https://dl.google.com/android/repository/addons_list-3.xml 
2018-01-06 11:12:16,608 [  51864]   INFO - dea.updater.SdkComponentSource - Downloading https://dl.google.com/android/repository/sys-img/android/sys-img2-1.xml 
2018-01-06 11:12:16,754 [  52010]   INFO - dea.updater.SdkComponentSource - Downloading https://dl.google.com/android/repository/sys-img/android-wear/sys-img2-1.xml 
2018-01-06 11:12:16,861 [  52117]   INFO - dea.updater.SdkComponentSource - Downloading https://dl.google.com/android/repository/sys-img/android-wear-cn/sys-img2-1.xml 
2018-01-06 11:12:16,953 [  52209]   INFO - dea.updater.SdkComponentSource - Downloading https://dl.google.com/android/repository/sys-img/android-tv/sys-img2-1.xml 
2018-01-06 11:12:17,038 [  52294]   INFO - .openapi.application.Preloader - Finished preloading com.intellij.openapi.actionSystem.impl.ActionPreloader@5eca5aba 
2018-01-06 11:12:17,047 [  52303]   INFO - dea.updater.SdkComponentSource - Downloading https://dl.google.com/android/repository/sys-img/google_apis/sys-img2-1.xml 
2018-01-06 11:12:17,161 [  52417]   INFO - dea.updater.SdkComponentSource - Downloading https://dl.google.com/android/repository/sys-img/google_apis_playstore/sys-img2-1.xml 
2018-01-06 11:12:17,273 [  52529]   INFO - dea.updater.SdkComponentSource - Downloading https://dl.google.com/android/repository/addon2-1.xml 
2018-01-06 11:12:17,431 [  52687]   INFO - dea.updater.SdkComponentSource - Downloading https://dl.google.com/android/repository/glass/addon2-1.xml 
2018-01-06 11:12:17,545 [  52801]   INFO - dea.updater.SdkComponentSource - Downloading https://dl.google.com/android/repository/extras/intel/addon2-1.xml 
2018-01-06 11:12:17,819 [  53075]  ERROR - llij.ide.plugins.PluginManager - Fatal error initializing 'com.intellij.psi.PsiDocumentManager' 
com.intellij.ide.plugins.PluginManager$StartupAbortedException: Fatal error initializing 'com.intellij.psi.PsiDocumentManager'
	at com.intellij.ide.plugins.PluginManager.handleComponentError(PluginManager.java:274)
	at com.intellij.openapi.components.impl.PlatformComponentManagerImpl.handleInitComponentError(PlatformComponentManagerImpl.java:43)
	at com.intellij.openapi.components.impl.ComponentManagerImpl$ComponentConfigComponentAdapter.getComponentInstance(ComponentManagerImpl.java:515)
	at com.intellij.openapi.components.impl.ComponentManagerImpl.createComponents(ComponentManagerImpl.java:119)
	at com.intellij.openapi.components.impl.ComponentManagerImpl.init(ComponentManagerImpl.java:103)
	at com.intellij.openapi.components.impl.ComponentManagerImpl.init(ComponentManagerImpl.java:90)
	at com.intellij.openapi.project.impl.ProjectImpl.init(ProjectImpl.java:284)
	at com.intellij.openapi.project.impl.ProjectManagerImpl.a(ProjectManagerImpl.java:289)
	at com.intellij.openapi.project.impl.ProjectManagerImpl.d(ProjectManagerImpl.java:352)
	at com.intellij.openapi.progress.impl.CoreProgressManager.a(CoreProgressManager.java:543)
	at com.intellij.openapi.progress.impl.CoreProgressManager.executeProcessUnderProgress(CoreProgressManager.java:488)
	at com.intellij.openapi.progress.impl.ProgressManagerImpl.executeProcessUnderProgress(ProgressManagerImpl.java:94)
	at com.intellij.openapi.progress.impl.CoreProgressManager.executeNonCancelableSection(CoreProgressManager.java:185)
	at com.intellij.openapi.project.impl.ProjectManagerImpl.getDefaultProject(ProjectManagerImpl.java:349)
	at com.intellij.openapi.wm.impl.welcomeScreen.FlatWelcomeFrame.getProject(FlatWelcomeFrame.java:760)
	at com.intellij.openapi.wm.IdeFocusManager.findByComponent(IdeFocusManager.java:216)
	at com.intellij.openapi.wm.IdeFocusManager.findInstanceByComponent(IdeFocusManager.java:207)
	at com.intellij.openapi.wm.IdeFocusManager.findInstance(IdeFocusManager.java:233)
	at com.intellij.openapi.util.DimensionService.keyPair(DimensionService.java:285)
	at com.intellij.openapi.util.DimensionService.setLocation(DimensionService.java:121)
	at com.intellij.openapi.wm.impl.welcomeScreen.FlatWelcomeFrame.a(FlatWelcomeFrame.java:150)
	at com.intellij.openapi.wm.impl.welcomeScreen.FlatWelcomeFrame.dispose(FlatWelcomeFrame.java:135)
	at com.intellij.openapi.util.Disposer$1.execute(Disposer.java:48)
	at com.intellij.openapi.util.Disposer$1.execute(Disposer.java:44)
	at com.intellij.openapi.util.objectTree.ObjectNode$1.execute(ObjectNode.java:138)
	at com.intellij.openapi.util.objectTree.ObjectNode$1.execute(ObjectNode.java:107)
	at com.intellij.openapi.util.objectTree.ObjectTree.executeActionWithRecursiveGuard(ObjectTree.java:167)
	at com.intellij.openapi.util.objectTree.ObjectNode.execute(ObjectNode.java:107)
	at com.intellij.openapi.util.objectTree.ObjectNode$1.execute(ObjectNode.java:126)
	at com.intellij.openapi.util.objectTree.ObjectNode$1.execute(ObjectNode.java:107)
	at com.intellij.openapi.util.objectTree.ObjectTree.executeActionWithRecursiveGuard(ObjectTree.java:167)
	at com.intellij.openapi.util.objectTree.ObjectNode.execute(ObjectNode.java:107)
	at com.intellij.openapi.util.objectTree.ObjectTree.executeAll(ObjectTree.java:142)
	at com.intellij.openapi.util.Disposer.dispose(Disposer.java:129)
	at com.intellij.openapi.util.Disposer.dispose(Disposer.java:125)
	at com.intellij.openapi.application.impl.ApplicationImpl.e(ApplicationImpl.java:254)
	at com.intellij.openapi.application.impl.ApplicationImpl.runWriteAction(ApplicationImpl.java:1003)
	at com.intellij.openapi.application.impl.ApplicationImpl.a(ApplicationImpl.java:254)
	at com.intellij.openapi.application.impl.ApplicationImpl.a(ApplicationImpl.java:782)
	at com.intellij.openapi.application.impl.ApplicationImpl.exit(ApplicationImpl.java:758)
	at com.intellij.openapi.application.impl.ApplicationImpl.exit(ApplicationImpl.java:747)
	at com.intellij.openapi.application.impl.ApplicationImpl.exit(ApplicationImpl.java:724)
	at com.intellij.openapi.application.impl.ApplicationImpl.exit(ApplicationImpl.java:719)
	at com.intellij.openapi.wm.impl.welcomeScreen.WelcomeFrame$3.windowClosing(WelcomeFrame.java:120)
	at java.awt.AWTEventMulticaster.windowClosing(AWTEventMulticaster.java:349)
	at java.awt.AWTEventMulticaster.windowClosing(AWTEventMulticaster.java:349)
	at java.awt.Window.processWindowEvent(Window.java:2054)
	at javax.swing.JFrame.processWindowEvent(JFrame.java:305)
	at java.awt.Window.processEvent(Window.java:2013)
	at java.awt.Component.dispatchEventImpl(Component.java:4897)
	at java.awt.Container.dispatchEventImpl(Container.java:2295)
	at java.awt.Window.dispatchEventImpl(Window.java:2746)
	at java.awt.Component.dispatchEvent(Component.java:4719)
	at java.awt.EventQueue.dispatchEventImpl(EventQueue.java:764)
	at java.awt.EventQueue.access$500(EventQueue.java:98)
	at java.awt.EventQueue$3.run(EventQueue.java:715)
	at java.awt.EventQueue$3.run(EventQueue.java:709)
	at java.security.AccessController.doPrivileged(Native Method)
	at java.security.ProtectionDomain$JavaSecurityAccessImpl.doIntersectionPrivilege(ProtectionDomain.java:80)
	at java.security.ProtectionDomain$JavaSecurityAccessImpl.doIntersectionPrivilege(ProtectionDomain.java:90)
	at java.awt.EventQueue$4.run(EventQueue.java:737)
	at java.awt.EventQueue$4.run(EventQueue.java:735)
	at java.security.AccessController.doPrivileged(Native Method)
	at java.security.ProtectionDomain$JavaSecurityAccessImpl.doIntersectionPrivilege(ProtectionDomain.java:80)
	at java.awt.EventQueue.dispatchEvent(EventQueue.java:734)
	at com.intellij.ide.IdeEventQueue.h(IdeEventQueue.java:822)
	at com.intellij.ide.IdeEventQueue._dispatchEvent(IdeEventQueue.java:650)
	at com.intellij.ide.IdeEventQueue.dispatchEvent(IdeEventQueue.java:366)
	at java.awt.EventDispatchThread.pumpOneEventForFilters(EventDispatchThread.java:201)
	at java.awt.EventDispatchThread.pumpEventsForFilter(EventDispatchThread.java:116)
	at java.awt.EventDispatchThread.pumpEventsForHierarchy(EventDispatchThread.java:105)
	at java.awt.EventDispatchThread.pumpEvents(EventDispatchThread.java:101)
	at java.awt.EventDispatchThread.pumpEvents(EventDispatchThread.java:93)
	at java.awt.EventDispatchThread.run(EventDispatchThread.java:82)
Caused by: com.intellij.util.IncorrectOperationException: Sorry but parent: Application is being disposed so the child: Document commit thread; application: Application; isDisposed: false; myEnabled: false will never be disposed
	at com.intellij.openapi.util.objectTree.ObjectTree.register(ObjectTree.java:75)
	at com.intellij.openapi.util.Disposer.register(Disposer.java:97)
	at com.intellij.openapi.util.Disposer.register(Disposer.java:93)
	at com.intellij.openapi.components.impl.ServiceManagerImpl$MyComponentAdapter.getComponentInstance(ServiceManagerImpl.java:222)
	at com.intellij.util.pico.DefaultPicoContainer.getLocalInstance(DefaultPicoContainer.java:239)
	at com.intellij.util.pico.DefaultPicoContainer.getComponentInstance(DefaultPicoContainer.java:206)
	at sun.reflect.NativeMethodAccessorImpl.invoke0(Native Method)
	at sun.reflect.NativeMethodAccessorImpl.invoke(NativeMethodAccessorImpl.java:62)
	at sun.reflect.DelegatingMethodAccessorImpl.invoke(DelegatingMethodAccessorImpl.java:43)
	at java.lang.reflect.Method.invoke(Method.java:498)
	at org.picocontainer.defaults.ImmutablePicoContainerProxyFactory.invoke(ImmutablePicoContainerProxyFactory.java:73)
	at com.sun.proxy.$Proxy84.getComponentInstance(Unknown Source)
	at com.intellij.util.pico.DefaultPicoContainer.getComponentInstance(DefaultPicoContainer.java:211)
	at org.picocontainer.defaults.BasicComponentParameter.resolveInstance(BasicComponentParameter.java:77)
	at org.picocontainer.defaults.ComponentParameter.resolveInstance(ComponentParameter.java:114)
	at com.intellij.util.pico.CachingConstructorInjectionComponentAdapter.getConstructorArguments(CachingConstructorInjectionComponentAdapter.java:129)
	at com.intellij.util.pico.CachingConstructorInjectionComponentAdapter.doGetComponentInstance(CachingConstructorInjectionComponentAdapter.java:100)
	at com.intellij.util.pico.CachingConstructorInjectionComponentAdapter.instantiateGuarded(CachingConstructorInjectionComponentAdapter.java:80)
	at com.intellij.util.pico.CachingConstructorInjectionComponentAdapter.getComponentInstance(CachingConstructorInjectionComponentAdapter.java:63)
	at com.intellij.openapi.components.impl.ComponentManagerImpl$ComponentConfigComponentAdapter.getComponentInstance(ComponentManagerImpl.java:474)
	... 71 more
2018-01-06 11:12:17,820 [  53076]  ERROR - llij.ide.plugins.PluginManager - IntelliJ IDEA 2017.3.2  Build #IU-173.4127.27 
2018-01-06 11:12:17,821 [  53077]  ERROR - llij.ide.plugins.PluginManager - JDK: 1.8.0_152-release 
2018-01-06 11:12:17,821 [  53077]  ERROR - llij.ide.plugins.PluginManager - VM: OpenJDK 64-Bit Server VM 
2018-01-06 11:12:17,821 [  53077]  ERROR - llij.ide.plugins.PluginManager - Vendor: JetBrains s.r.o 
2018-01-06 11:12:17,821 [  53077]  ERROR - llij.ide.plugins.PluginManager - OS: Linux 
2018-01-06 11:12:17,821 [  53077]  ERROR - llij.ide.plugins.PluginManager - Last Action:  
2018-01-06 11:12:18,271 [  53527]   INFO - stubs.SerializationManagerImpl - START StubSerializationManager SHUTDOWN 
2018-01-06 11:12:18,273 [  53529]   INFO - stubs.SerializationManagerImpl - END StubSerializationManager SHUTDOWN 
2018-01-06 11:12:18,273 [  53529]   INFO - il.indexing.FileBasedIndexImpl - START INDEX SHUTDOWN 
2018-01-06 11:12:18,595 [  53851]   INFO - .openapi.application.Preloader - Finished preloading com.intellij.ide.ui.search.SearchableOptionPreloader@43f8074f 
2018-01-06 11:12:18,750 [  54006]   INFO - ij.psi.stubs.StubUpdatingIndex - Following new file types will be indexed:CFML,Literate CoffeeScript,Markdown,Properties,HTML,Sass,ActionScript,TypeScript JSX,ECMAScript 6,Less,Stylus,TypeScript,FTL,CoffeeScript,SCSS,JSP,CLASS,CSS,Kotlin,SQL,SWF,XML,Groovy,JSX Harmony,KJSM,Flow,kotlin_builtins,JAVA,JavaScript,AspectJ,spring.factories 
2018-01-06 11:12:18,777 [  54033]   INFO - il.indexing.FileBasedIndexImpl - END INDEX SHUTDOWN 
2018-01-06 11:12:18,778 [  54034]   INFO - org.jetbrains.io.BuiltInServer - web server stopped 
2018-01-06 11:12:18,780 [  54036]   INFO - Types.impl.FileTypeManagerImpl - FileTypeManager: 0 auto-detected files
Elapsed time on auto-detect: 0 ms 
2018-01-06 11:12:18,783 [  54039]   INFO - pl.local.NativeFileWatcherImpl - Watcher terminated with exit code 0 
2018-01-06 11:12:18,784 [  54040]   INFO - newvfs.persistent.PersistentFS - VFS dispose started 
2018-01-06 11:12:18,787 [  54043]   INFO - newvfs.persistent.PersistentFS - VFS dispose completed 
2018-01-06 11:12:18,788 [  54044]   INFO - .openapi.application.Preloader - Finished preloading com.intellij.codeInsight.completion.CompletionPreloader@25e0f7ad 
2018-01-06 11:12:18,798 [  54054]   INFO -        #com.intellij.idea.Main - ------------------------------------------------------ IDE SHUTDOWN ------------------------------------------------------ 
2018-01-06 11:12:18,802 [  54058]   INFO - org.jetbrains.io.BuiltInServer - web server stopped 
2018-01-07 09:02:44,486 [      0]   INFO -        #com.intellij.idea.Main - ------------------------------------------------------ IDE STARTED ------------------------------------------------------ 
2018-01-07 09:02:44,494 [      8]   INFO -     #com.intellij.util.ui.JBUI - User scale factor: 1.0 
2018-01-07 09:02:44,494 [      8]   INFO -     #com.intellij.util.ui.JBUI - System scale factor: 1.25 (IDE-managed HiDPI) 
2018-01-07 09:02:44,501 [     15]   INFO -        #com.intellij.idea.Main - IDE: IntelliJ IDEA (build #IU-173.4127.27, 25 Dec 2017 10:44) 
2018-01-07 09:02:44,501 [     15]   INFO -        #com.intellij.idea.Main - OS: Linux (4.13.0-21-generic, amd64) 
2018-01-07 09:02:44,501 [     15]   INFO -        #com.intellij.idea.Main - JRE: 1.8.0_152-release-1024-b8 (JetBrains s.r.o) 
2018-01-07 09:02:44,501 [     15]   INFO -        #com.intellij.idea.Main - JVM: 25.152-b8 (OpenJDK 64-Bit Server VM) 
2018-01-07 09:02:44,508 [     22]   INFO -        #com.intellij.idea.Main - JVM Args: -Xbootclasspath/a:/snap/intellij-idea-ultimate/15/lib/boot.jar -Xms128m -Xmx750m -XX:ReservedCodeCacheSize=240m -XX:+UseConcMarkSweepGC -XX:SoftRefLRUPolicyMSPerMB=50 -ea -Dsun.io.useCanonCaches=false -Djava.net.preferIPv4Stack=true -XX:+HeapDumpOnOutOfMemoryError -XX:-OmitStackTraceInFastThrow -Dawt.useSystemAAFontSettings=lcd -Dsun.java2d.renderer=sun.java2d.marlin.MarlinRenderingEngine -XX:ErrorFile=/home/devin/java_error_in_IDEA_%p.log -XX:HeapDumpPath=/home/devin/java_error_in_IDEA.hprof -Didea.paths.selector=IntelliJIdea2017.3 -Djb.vmOptionsFile=/snap/intellij-idea-ultimate/15/bin/idea64.vmoptions -Didea.jre.check=true 
2018-01-07 09:02:44,509 [     23]   INFO -        #com.intellij.idea.Main - ForkJoinPool.commonPool: java.util.concurrent.ForkJoinPool@17a4b7f2[Running, parallelism = 7, size = 0, active = 0, running = 0, steals = 0, tasks = 0, submissions = 0] 
2018-01-07 09:02:44,510 [     24]   INFO -        #com.intellij.idea.Main - ext: /snap/intellij-idea-ultimate/15/jre64/lib/ext: [cldrdata.jar, dnsns.jar, jaccess.jar, jfxrt.jar, localedata.jar, meta-index, nashorn.jar, sunec.jar, sunjce_provider.jar, sunpkcs11.jar, zipfs.jar] 
2018-01-07 09:02:44,510 [     24]   INFO -        #com.intellij.idea.Main - JNU charset: UTF-8 
2018-01-07 09:02:44,530 [     44]   INFO -        #com.intellij.idea.Main - JNA library (64-bit) loaded in 20 ms 
2018-01-07 09:02:45,084 [    598]   INFO - .intellij.idea.IdeaApplication - WM detected: GNOME Shell 
2018-01-07 09:02:45,084 [    598]   INFO - llij.openapi.wm.impl.X11UiUtil - impersonated WM: MUTTER_WM 
2018-01-07 09:02:46,500 [   2014]   INFO - llij.ide.plugins.PluginManager - Plugin 'NodeJS' can't be loaded because: Plugin since-build or until-build don't match this product's build number 
2018-01-07 09:02:46,503 [   2017]   INFO - llij.ide.plugins.PluginManager - Plugin 'LiveEdit' can't be loaded because: Plugin since-build or until-build don't match this product's build number 
2018-01-07 09:02:46,636 [   2150]   INFO - llij.ide.plugins.PluginManager - 132 plugins initialized in 1404 ms 
2018-01-07 09:02:46,638 [   2152]   INFO - llij.ide.plugins.PluginManager - Loaded bundled plugins: ASP (0.1), Android Support (10.2.3), AngularJS (173.4127.27), Ant Support (1.0), Application Servers View (0.2.0), AspectJ Support (1.2), Bytecode Viewer (0.1), CFML Support (3.53), CSS Support (173.4127.27), CVS Integration (11), Cloud Foundry integration (1.0), CloudBees integration (1.0), CoffeeScript (2.0), Copyright (8.1), Coverage (173.4127.27), Cucumber for Groovy (999.999), Cucumber for Java (999.999), DSM Analysis (1.0.0), Database Tools and SQL (173.4127.27), Eclipse Integration (3.0), EditorConfig (173.4127.27), Emma (173.4127.27), Flash/Flex Support (173.4127.27), FreeMarker support (1.0), GWT Support (1.0), Geronimo Integration (1.0), Gherkin (999.999), Git Integration (8.1), GitHub (173.4127.27), GlassFish Integration (1.0), Google App Engine Integration (1.1.4), Gradle (173.4127.27), Grails (9.0), Groovy (9.0), Guice (8.0), HTML Tools (2.0), Haml (173.4127.27), Heroku integration (173.4127.27), Hibernate Support (1.0), I18n for Java (173.4127.27), IDE Settings Sync (173.4127.27), IDEA CORE (173.4127.27), IntelliLang (8.0), J2ME (1.0), JBoss Arquillian Support (1.0), JBoss Drools Support (1.0), JBoss Frameworks Base Support (1.0), JBoss Integration (1.0), JBoss Seam Pageflow Support (1.0), JBoss Seam Pages Support (1.0), JBoss Seam Support (1.0), JBoss jBPM (2.0.0), JSR45 Integration (1.0), JUnit (1.0), Java Bytecode Decompiler (173.4127.27), Java EE: Batch Applications (1.0), Java EE: Bean Validation Support (1.1), Java EE: Contexts and Dependency Injection (1.1), Java EE: EJB, JPA, Servlets (1.0), Java EE: JMS, JSON Processing, Concurrency, Transaction  (1.0), Java EE: Java Server Faces (2.2.X.), Java EE: RESTful Web Services (JAX-RS) (1.0), Java EE: Web Services (JAX-WS) (1.9), Java EE: WebSockets (1.0), Java Server Pages (JSP) Integration (1.0), Java Stream Debugger (173.4127.27), JavaFX (1.0), JavaScript Debugger (1.0), JavaScript Intention Power Pack (0.9.4), JavaScript Support (1.0), Jetty Integration (1.0), Kotlin (1.2.10-release-IJ2017.3-1), Less support (173.4127.27), Markdown support (173.4127.27), Maven Integration (173.4127.27), Maven Integration Extension (173.4127.27), Mercurial Integration (10.0), OpenShift integration (1.0), Osmorc (1.4.10), Perforce Integration (2.0), Persistence Frameworks Support (1.0), Playframework Support (1.0), Plugin DevKit (1.0), Properties Support (173.4127.27), QuirksMode (173.4127.27), REST Client (173.4127.27), Refactor-X (2.01), Remote Hosts Access (0.1), Resin Integration (8.1), SSH Remote Run (0.1), Sass support (173.4127.27), Settings Repository (173.4127.27), Spring AOP/@AspectJ (1.0), Spring Batch (1.0), Spring Boot (1.0), Spring Data (1.0), Spring Integration Patterns (1.0), Spring MVC (1.0), Spring OSGi (1.0), Spring Security (1.0), Spring Support (1.0), Spring Web Flow (1.0), Spring Web Services (1.0), Spring WebSocket (1.0), Spy-js (173.4127.27), Struts 1.x (2.0), Struts 2 (1.0), Stylus support (999.999), Subversion Integration (1.1), TFS Integration (999.999), Tapestry support (1.0), Task Management (1.0), Terminal (0.1), TestNG-J (8.0), Thymeleaf (1.0), Time Tracking (1.0), Tomcat and TomEE Integration (1.0), UI Designer (173.4127.27), UML Support (1.0), Vaadin Support (1.0), Velocity support (1.0), W3C Validators (2.0), WebLogic Integration (1.0), WebSphere Integration (1.0), XPathView + XSLT Support (4), XSLT-Debugger (1.4), YAML (173.4127.27), ZKM-Unscramble (1.0), dmServer Support (0.9.5), tslint (173.4127.27) 
2018-01-07 09:02:46,638 [   2152]   INFO - llij.ide.plugins.PluginManager - Disabled plugins: LiveEdit (172.3757.55), NodeJS (172.3757.32) 
2018-01-07 09:02:49,113 [   4627]   INFO - cloudConfig.CloudConfigManager - === Start.updateInitStatus === 
2018-01-07 09:02:49,115 [   4629]   INFO - cloudConfig.CloudConfigManager - === Start: JBA_NOT_CONNECTED === 
2018-01-07 09:02:49,115 [   4629]   INFO - cloudConfig.CloudConfigManager - === calculateInitStatus === 
2018-01-07 09:02:49,187 [   4701]   INFO - til.net.ssl.CertificateManager - Default SSL context initialized 
2018-01-07 09:02:49,212 [   4726]   INFO - ellij.util.io.PagedFileStorage - lower=100; upper=500; buffer=10; max=705 
2018-01-07 09:02:49,254 [   4768]   INFO - pl.local.NativeFileWatcherImpl - Starting file watcher: /snap/intellij-idea-ultimate/15/bin/fsnotifier64 
2018-01-07 09:02:49,264 [   4778]   INFO - pl.local.NativeFileWatcherImpl - Native file watcher is operational. 
2018-01-07 09:02:49,648 [   5162]   INFO - .cloudConfig.CloudConfigClient - === Get cloud config URL: https://cloudconfig.jetbrains.com/cloudconfig/files === 
2018-01-07 09:02:50,173 [   5687]   INFO - cloudConfig.CloudConfigManager - === calculateInitStatus.value: JBA_NOT_CONNECTED === 
2018-01-07 09:02:50,322 [   5836]   INFO - com.intellij.ide.ui.UISettings - Loaded: fontSize=15, fontScale=0.0; restored: fontSize=15, fontScale=1.25 
2018-01-07 09:02:50,859 [   6373]   INFO - .openapi.application.Preloader - Finished preloading com.intellij.ide.ui.OptionsTopHitProvider$Activity@fe5b953 
2018-01-07 09:02:50,930 [   6444]   INFO - rains.ide.BuiltInServerManager - built-in server started, port 63342 
2018-01-07 09:02:50,946 [   6460]   INFO - gs.impl.UpdateCheckerComponent - channel: release 
2018-01-07 09:02:51,440 [   6954]   INFO - il.indexing.FileBasedIndexImpl - Index exts enumerated:449 
2018-01-07 09:02:51,446 [   6960]   INFO - il.indexing.FileBasedIndexImpl - Index scheduled:5 
2018-01-07 09:02:51,514 [   7028]   INFO - tellij.psi.stubs.StubIndexImpl - All stub exts enumerated:61 
2018-01-07 09:02:51,514 [   7028]   INFO - tellij.psi.stubs.StubIndexImpl - stub exts update scheduled:0 
2018-01-07 09:02:52,184 [   7698]   INFO - plication.impl.ApplicationImpl - 98 application components initialized in 6954ms 
2018-01-07 09:02:52,204 [   7718]   INFO - .intellij.idea.IdeaApplication - App initialization took 9175 ms 
2018-01-07 09:02:52,689 [   8203]   INFO - cloudConfig.CloudConfigManager - === End.updateInitStatus === 
2018-01-07 09:02:52,892 [   8406]   INFO - com.intellij.ide.ui.UISettings - Loaded: fontSize=12, fontScale=1.0; restored: fontSize=15, fontScale=1.25 
2018-01-07 09:02:52,894 [   8408]   INFO - com.intellij.ide.ui.UISettings - Loaded: fontSize=15, fontScale=1.25; restored: fontSize=15, fontScale=1.25 
2018-01-07 09:02:53,307 [   8821]   INFO - pl$FileIndexDataInitialization - Initialization done:1861 
2018-01-07 09:02:53,501 [   9015]   INFO - exImpl$StubIndexInitialization - Initialization done:193 
2018-01-07 09:02:53,561 [   9075]   INFO - j.ide.ui.OptionsTopHitProvider - 840 ms spent to cache options in application 
2018-01-07 09:02:53,621 [   9135]   WARN - dea.updater.SdkComponentSource - File /home/devin/.android/repositories.cfg could not be loaded. 
2018-01-07 09:02:53,622 [   9136]   INFO - dea.updater.SdkComponentSource - Downloading https://dl.google.com/android/repository/addons_list-3.xml 
2018-01-07 09:02:54,015 [   9529]   INFO - dea.updater.SdkComponentSource - Downloading https://dl.google.com/android/repository/sys-img/android/sys-img2-1.xml 
2018-01-07 09:02:54,238 [   9752]   INFO - dea.updater.SdkComponentSource - Downloading https://dl.google.com/android/repository/sys-img/android-wear/sys-img2-1.xml 
2018-01-07 09:02:54,338 [   9852]   INFO - dea.updater.SdkComponentSource - Downloading https://dl.google.com/android/repository/sys-img/android-wear-cn/sys-img2-1.xml 
2018-01-07 09:02:54,423 [   9937]   WARN - dea.updater.SdkComponentSource - java.io.FileNotFoundException: /tmp/StudioDownloadersys-img2-1.xml (No such file or directory) 
2018-01-07 09:02:54,423 [   9937]   INFO - dea.updater.SdkComponentSource - Downloading https://dl.google.com/android/repository/sys-img/android-tv/sys-img2-1.xml 
2018-01-07 09:02:54,523 [  10037]   INFO - dea.updater.SdkComponentSource - Downloading https://dl.google.com/android/repository/sys-img/google_apis/sys-img2-1.xml 
2018-01-07 09:02:54,635 [  10149]   INFO - dea.updater.SdkComponentSource - Downloading https://dl.google.com/android/repository/sys-img/google_apis_playstore/sys-img2-1.xml 
2018-01-07 09:02:54,758 [  10272]   INFO - dea.updater.SdkComponentSource - Downloading https://dl.google.com/android/repository/addon2-1.xml 
2018-01-07 09:02:54,809 [  10323]   INFO - .openapi.application.Preloader - Finished preloading com.intellij.openapi.actionSystem.impl.ActionPreloader@30182355 
2018-01-07 09:02:54,936 [  10450]   INFO - dea.updater.SdkComponentSource - Downloading https://dl.google.com/android/repository/glass/addon2-1.xml 
2018-01-07 09:02:55,028 [  10542]   INFO - dea.updater.SdkComponentSource - Downloading https://dl.google.com/android/repository/extras/intel/addon2-1.xml 
2018-01-07 09:02:55,116 [  10630]   INFO - dea.updater.SdkComponentSource - Downloading https://dl.google.com/android/repository/repository2-1.xml 
2018-01-07 09:02:56,102 [  11616]   INFO - .openapi.application.Preloader - Finished preloading com.intellij.ide.ui.search.SearchableOptionPreloader@2c24fbbf 
2018-01-07 09:02:56,522 [  12036]   INFO - .openapi.application.Preloader - Finished preloading com.intellij.codeInsight.completion.CompletionPreloader@b0978b8 
2018-01-07 09:03:09,949 [  25463]   INFO - ellij.project.impl.ProjectImpl - 20 project components initialized in 225 ms 
2018-01-07 09:06:33,743 [ 229257]   INFO - ellij.project.impl.ProjectImpl - 177 project components initialized in 1022 ms 
2018-01-07 09:06:33,744 [ 229258]   INFO - le.impl.ModuleManagerComponent - 0 module(s) loaded in 0 ms 
2018-01-07 09:06:34,124 [ 229638]   INFO - j.ide.script.IdeStartupScripts - 0 startup script(s) found 
2018-01-07 09:06:34,307 [ 229821]   WARN - om.intellij.util.ProfilingUtil - Profiling agent is not enabled. Add -agentlib:yjpagent to idea.vmoptions if necessary to profile IDEA. 
2018-01-07 09:06:34,585 [ 230099]   INFO - CompilerBackwardReferenceIndex - backward reference index version differ due to: class java.io.FileNotFoundException 
2018-01-07 09:06:34,643 [ 230157]   INFO - pl.projectlevelman.NewMappings - VCS Root: [Git] - [<Project>] 
2018-01-07 09:06:34,786 [ 230300]   INFO - Tools.base.JsbtStartupActivity - Detecting buildfiles for com.intellij.lang.javascript.buildTools.grunt.GruntfileManager 
2018-01-07 09:06:34,787 [ 230301]   INFO - Tools.base.JsbtStartupActivity - Detecting buildfiles for com.intellij.lang.javascript.buildTools.gulp.GulpfileManager 
2018-01-07 09:06:34,787 [ 230301]   INFO - Tools.base.JsbtStartupActivity - Detecting buildfiles for com.intellij.lang.javascript.buildTools.npm.PackageJsonFileManager 
2018-01-07 09:06:34,822 [ 230336]   INFO - .diagnostic.PerformanceWatcher - Post-startup activities under progress took 152ms; general responsiveness: ok; EDT responsiveness: ok 
2018-01-07 09:06:34,891 [ 230405]   INFO - .diagnostic.PerformanceWatcher - Pushing properties took 122ms; general responsiveness: ok; EDT responsiveness: ok 
2018-01-07 09:06:34,900 [ 230414]   INFO - .TypeScriptLibraryProviderImpl - Start refreshing typescript libraries 
2018-01-07 09:06:34,999 [ 230513]   INFO -       ScriptTemplatesProviders - [kts] loading script definitions [] using cp:  
2018-01-07 09:06:35,002 [ 230516]   INFO -       ScriptTemplatesProviders - Templates provider KotlinCompilerScriptTemplatesSettings is invalid:  
2018-01-07 09:06:35,023 [ 230537]   INFO -       ScriptTemplatesProviders - Templates provider Gradle Kotlin DSL is invalid: Unable to get Gradle home directory 
2018-01-07 09:06:35,023 [ 230537]   INFO -       ScriptTemplatesProviders - Templates provider Gradle Kotlin DSL is invalid: Unable to get Gradle home directory 
2018-01-07 09:06:35,023 [ 230537]   INFO -       ScriptTemplatesProviders - Templates provider Gradle Script Kotlin is invalid: Unable to get Gradle home directory 
2018-01-07 09:06:35,023 [ 230537]   INFO -       ScriptTemplatesProviders - [kts] loading script definitions [kotlin.script.templates.standard.ScriptTemplateWithArgs] using cp:  
2018-01-07 09:06:35,065 [ 230579]   INFO - tartup.impl.StartupManagerImpl - /home/devin/code/ionic/CryptoProfitLog/.idea case-sensitivity: expected=true actual=true 
2018-01-07 09:06:35,106 [ 230620]   INFO -                git4idea.GitVcs - Git version: 2.14.1.0 (UNIX) 
2018-01-07 09:06:35,156 [ 230670]   INFO - .TypeScriptLibraryProviderImpl - End refreshing typescript libraries 
2018-01-07 09:06:35,217 [ 230731]   INFO - pl.projectlevelman.NewMappings - VCS Root: [Git] - [<Project>] 
2018-01-07 09:06:35,296 [ 230810]   INFO - .diagnostic.PerformanceWatcher - Indexable file iteration took 404ms; general responsiveness: ok; EDT responsiveness: ok 
2018-01-07 09:06:35,297 [ 230811]   INFO - indexing.UnindexedFilesUpdater - Unindexed files update started: 857 files to update 
2018-01-07 09:06:35,378 [ 230892]   INFO - pl.ProjectRootManagerComponent - project roots have changed 
2018-01-07 09:06:35,383 [ 230897]   INFO - Tools.base.JsbtStartupActivity - Found [] for com.intellij.lang.javascript.buildTools.grunt.GruntService 
2018-01-07 09:06:35,384 [ 230898]   INFO - Tools.base.JsbtStartupActivity - Found [] for com.intellij.lang.javascript.buildTools.gulp.GulpService 
2018-01-07 09:06:35,384 [ 230898]   INFO - Tools.base.JsbtStartupActivity - Found [] for com.intellij.lang.javascript.buildTools.npm.NpmScriptsService 
2018-01-07 09:06:35,523 [ 231037]   INFO - indexing.UnindexedFilesUpdater - Unindexed files update canceled 
2018-01-07 09:06:35,523 [ 231037]   INFO - tor.impl.FileEditorManagerImpl - Project opening took 3465 ms 
2018-01-07 09:06:35,541 [ 231055]   INFO - .diagnostic.PerformanceWatcher - Pushing properties took 3ms; general responsiveness: ok; EDT responsiveness: ok 
2018-01-07 09:06:35,569 [ 231083]   INFO - .diagnostic.PerformanceWatcher - Indexable file iteration took 27ms; general responsiveness: ok; EDT responsiveness: ok 
2018-01-07 09:06:35,569 [ 231083]   INFO - indexing.UnindexedFilesUpdater - Unindexed files update started: 857 files to update 
2018-01-07 09:06:35,960 [ 231474]   INFO - ndex.PrebuiltIndexProviderBase - Using prebuilt sdk-stubs from /home/devin/.IntelliJIdea2017.3/system/index/.persistent/prebuilt/JavaScript/sdk-stubs.input 
2018-01-07 09:06:39,645 [ 235159]   INFO - .diagnostic.PerformanceWatcher - Unindexed files update took 4076ms; general responsiveness: ok; EDT responsiveness: ok 
2018-01-07 09:06:39,753 [ 235267]   INFO - tartup.impl.StartupManagerImpl - Some post-startup activities freeze UI for noticeable time. Please consider making them DumbAware to do them in background under modal progress, or just making them faster to speed up project opening. 
2018-01-07 09:06:39,753 [ 235267]   INFO - tartup.impl.StartupManagerImpl - ProjectInspectionProfileStartUpActivity run in 103ms on UI thread 
2018-01-07 09:06:39,804 [ 235318]   INFO - cloudConfig.CloudConfigManager - === StatusBar.start create === 
2018-01-07 09:06:39,879 [ 235393]   INFO - CompilerWorkspaceConfiguration - Available processors: 8 
2018-01-07 09:06:40,054 [ 235568]   INFO - j.ide.ui.OptionsTopHitProvider - 186 ms spent to cache options in project 
2018-01-07 09:06:40,123 [ 235637]   INFO - j.ide.plugins.RepositoryHelper - using cached plugin list (updated at 1/7/18 9:02 AM) 
2018-01-07 09:06:40,547 [ 236061]   INFO - .diagnostic.PerformanceWatcher - Pushing properties took 3ms; general responsiveness: ok; EDT responsiveness: ok 
2018-01-07 09:06:40,571 [ 236085]   INFO - .diagnostic.PerformanceWatcher - Indexable file iteration took 24ms; general responsiveness: ok; EDT responsiveness: ok 
2018-01-07 09:06:54,252 [ 249766]   INFO - rojectCodeStyleSettingsManager - Initialized from default code style settings. 
